[ 2023-01-13 21:30:38,921 ] 17 root - INFO - >>>>>>>>>>>>>>>>>>>>>>>>>>>>>>>>>>>>>>>> Data Ingestion <<<<<<<<<<<<<<<<<<<<<<<<<<<<<<<<<<<<<<<<
[ 2023-01-13 21:30:38,921 ] 28 root - INFO - Exporting collection data as pandas dataframe
[ 2023-01-13 21:30:38,921 ] 22 root - INFO - Reading data from database: HealthCare and collection: Thyroid
[ 2023-01-13 21:30:39,073 ] 24 root - INFO - Found columns: Index(['_id', 'age', 'sex', 'on thyroxine', 'query on thyroxine',
       'on antithyroid medication', 'sick', 'pregnant', 'thyroid surgery',
       'I131 treatment', 'query hypothyroid', 'query hyperthyroid', 'lithium',
       'goitre', 'tumor', 'hypopituitary', 'psych', 'TSH measured', 'TSH',
       'T3 measured', 'T3', 'TT4 measured', 'TT4', 'T4U measured', 'T4U',
       'FTI measured', 'FTI', 'TBG measured', 'TBG', 'referral source',
       'binaryClass'],
      dtype='object')
[ 2023-01-13 21:30:39,073 ] 26 root - INFO - Dropping column: _id 
[ 2023-01-13 21:30:39,076 ] 28 root - INFO - Row and columns in df: (3772, 30)
[ 2023-01-13 21:30:39,076 ] 34 root - INFO - Save data in feature store
[ 2023-01-13 21:30:39,081 ] 39 root - INFO - Save data in feature store
[ 2023-01-13 21:30:39,081 ] 41 root - INFO - Create feature store folder if not available
[ 2023-01-13 21:30:39,081 ] 45 root - INFO - Save df to feature store folder
[ 2023-01-13 21:30:39,119 ] 50 root - INFO - split dataset into train and test set
[ 2023-01-13 21:30:39,125 ] 54 root - INFO - create dataset directory folder if not available
[ 2023-01-13 21:30:39,125 ] 59 root - INFO - Saving train df and test df to dataset folder
[ 2023-01-13 21:30:39,159 ] 71 root - INFO - Data ingestion artifact: DataIngestionArtifact(feature_store_file_path='/config/workspace/artifact/01132023__213038/data_ingestion/feature_store/thyroid.csv', train_file_path='/config/workspace/artifact/01132023__213038/data_ingestion/dataset/train.csv', test_file_path='/config/workspace/artifact/01132023__213038/data_ingestion/dataset/test.csv')
