[ 2023-01-14 06:46:47,052 ] 17 root - INFO - >>>>>>>>>>>>>>>>>>>>>>>>>>>>>>>>>>>>>>>> Data Ingestion <<<<<<<<<<<<<<<<<<<<<<<<<<<<<<<<<<<<<<<<
[ 2023-01-14 06:46:47,053 ] 28 root - INFO - Exporting collection data as pandas dataframe
[ 2023-01-14 06:46:47,053 ] 22 root - INFO - Reading data from database: HealthCare and collection: Thyroid
[ 2023-01-14 06:46:47,203 ] 24 root - INFO - Found columns: Index(['_id', 'age', 'sex', 'on thyroxine', 'query on thyroxine',
       'on antithyroid medication', 'sick', 'pregnant', 'thyroid surgery',
       'I131 treatment', 'query hypothyroid', 'query hyperthyroid', 'lithium',
       'goitre', 'tumor', 'hypopituitary', 'psych', 'TSH measured', 'TSH',
       'T3 measured', 'T3', 'TT4 measured', 'TT4', 'T4U measured', 'T4U',
       'FTI measured', 'FTI', 'TBG measured', 'TBG', 'referral source',
       'binaryClass'],
      dtype='object')
[ 2023-01-14 06:46:47,203 ] 26 root - INFO - Dropping column: _id 
[ 2023-01-14 06:46:47,206 ] 28 root - INFO - Row and columns in df: (3772, 30)
[ 2023-01-14 06:46:47,206 ] 34 root - INFO - Replacing '?' value to np.NAN
[ 2023-01-14 06:46:47,211 ] 39 root - INFO - Save data in feature store
[ 2023-01-14 06:46:47,211 ] 41 root - INFO - Create feature store folder if not available
[ 2023-01-14 06:46:47,211 ] 45 root - INFO - Save df to feature store folder
[ 2023-01-14 06:46:47,249 ] 50 root - INFO - split dataset into train and test set
[ 2023-01-14 06:46:47,255 ] 54 root - INFO - create dataset directory folder if not available
[ 2023-01-14 06:46:47,255 ] 59 root - INFO - Saving train df and test df to dataset folder
[ 2023-01-14 06:46:47,290 ] 71 root - INFO - Data ingestion artifact: DataIngestionArtifact(feature_store_file_path='/config/workspace/artifact/01142023__064647/data_ingestion/feature_store/thyroid.csv', train_file_path='/config/workspace/artifact/01142023__064647/data_ingestion/dataset/train.csv', test_file_path='/config/workspace/artifact/01142023__064647/data_ingestion/dataset/test.csv')
[ 2023-01-14 06:46:47,292 ] 20 root - INFO - >>>>>>>>>>>>>>>>>>>>>>>>>>>>>>>>>>>>>>>> Data Validation <<<<<<<<<<<<<<<<<<<<<<<<<<<<<<<<<<<<<<<<
[ 2023-01-14 06:46:47,292 ] 111 root - INFO - Reading base dataframe
[ 2023-01-14 06:46:47,329 ] 114 root - INFO - Replace ? value in base df
[ 2023-01-14 06:46:47,329 ] 116 root - INFO - Drop null values colums from base df
[ 2023-01-14 06:46:47,346 ] 42 root - INFO - selecting column name which contains null above to 0.2
[ 2023-01-14 06:46:47,346 ] 45 root - INFO - Columns to drop: ['T3', 'TBG']
[ 2023-01-14 06:46:47,348 ] 119 root - INFO - Reading train dataframe
[ 2023-01-14 06:46:47,359 ] 121 root - INFO - Reading test dataframe
[ 2023-01-14 06:46:47,365 ] 124 root - INFO - Drop null values colums from train df
[ 2023-01-14 06:46:47,376 ] 42 root - INFO - selecting column name which contains null above to 0.2
[ 2023-01-14 06:46:47,377 ] 45 root - INFO - Columns to drop: ['T3', 'TBG']
[ 2023-01-14 06:46:47,378 ] 126 root - INFO - Drop null values colums from test df
[ 2023-01-14 06:46:47,381 ] 42 root - INFO - selecting column name which contains null above to 0.2
[ 2023-01-14 06:46:47,382 ] 45 root - INFO - Columns to drop: ['T3', 'TBG']
[ 2023-01-14 06:46:47,383 ] 129 root - INFO - Is all required columns present in train df
[ 2023-01-14 06:46:47,383 ] 131 root - INFO - Is all required columns present in test df
[ 2023-01-14 06:46:47,383 ] 135 root - INFO - As all column are available in train df hence detecting data drift
[ 2023-01-14 06:46:47,383 ] 91 root - INFO - Checking Data Types of age: object, float64 
[ 2023-01-14 06:46:47,387 ] 98 root - INFO - Checking number of classes in in each column: (59     95
60     91
70     90
73     81
55     81
       ..
10      1
4       1
5       1
455     1
6       1
Name: age, Length: 93, dtype: int64, 59.0    82
60.0    72
63.0    69
73.0    68
70.0    66
        ..
5.0      1
6.0      1
93.0     1
94.0     1
4.0      1
Name: age, Length: 92, dtype: int64)
[ 2023-01-14 06:46:47,388 ] 91 root - INFO - Checking Data Types of sex: object, object 
[ 2023-01-14 06:46:47,389 ] 98 root - INFO - Checking number of classes in in each column: (F    2480
M    1142
Name: sex, dtype: int64, F    1978
M     916
Name: sex, dtype: int64)
[ 2023-01-14 06:46:47,391 ] 91 root - INFO - Checking Data Types of on thyroxine: object, object 
[ 2023-01-14 06:46:47,392 ] 98 root - INFO - Checking number of classes in in each column: (f    3308
t     464
Name: on thyroxine, dtype: int64, f    2652
t     365
Name: on thyroxine, dtype: int64)
[ 2023-01-14 06:46:47,393 ] 91 root - INFO - Checking Data Types of query on thyroxine: object, object 
[ 2023-01-14 06:46:47,395 ] 98 root - INFO - Checking number of classes in in each column: (f    3722
t      50
Name: query on thyroxine, dtype: int64, f    2978
t      39
Name: query on thyroxine, dtype: int64)
[ 2023-01-14 06:46:47,396 ] 91 root - INFO - Checking Data Types of on antithyroid medication: object, object 
[ 2023-01-14 06:46:47,398 ] 98 root - INFO - Checking number of classes in in each column: (f    3729
t      43
Name: on antithyroid medication, dtype: int64, f    2982
t      35
Name: on antithyroid medication, dtype: int64)
[ 2023-01-14 06:46:47,399 ] 91 root - INFO - Checking Data Types of sick: object, object 
[ 2023-01-14 06:46:47,401 ] 98 root - INFO - Checking number of classes in in each column: (f    3625
t     147
Name: sick, dtype: int64, f    2899
t     118
Name: sick, dtype: int64)
[ 2023-01-14 06:46:47,402 ] 91 root - INFO - Checking Data Types of pregnant: object, object 
[ 2023-01-14 06:46:47,403 ] 98 root - INFO - Checking number of classes in in each column: (f    3719
t      53
Name: pregnant, dtype: int64, f    2978
t      39
Name: pregnant, dtype: int64)
[ 2023-01-14 06:46:47,405 ] 91 root - INFO - Checking Data Types of thyroid surgery: object, object 
[ 2023-01-14 06:46:47,406 ] 98 root - INFO - Checking number of classes in in each column: (f    3719
t      53
Name: thyroid surgery, dtype: int64, f    2979
t      38
Name: thyroid surgery, dtype: int64)
[ 2023-01-14 06:46:47,407 ] 91 root - INFO - Checking Data Types of I131 treatment: object, object 
[ 2023-01-14 06:46:47,409 ] 98 root - INFO - Checking number of classes in in each column: (f    3713
t      59
Name: I131 treatment, dtype: int64, f    2970
t      47
Name: I131 treatment, dtype: int64)
[ 2023-01-14 06:46:47,410 ] 91 root - INFO - Checking Data Types of query hypothyroid: object, object 
[ 2023-01-14 06:46:47,412 ] 98 root - INFO - Checking number of classes in in each column: (f    3538
t     234
Name: query hypothyroid, dtype: int64, f    2833
t     184
Name: query hypothyroid, dtype: int64)
[ 2023-01-14 06:46:47,413 ] 91 root - INFO - Checking Data Types of query hyperthyroid: object, object 
[ 2023-01-14 06:46:47,415 ] 98 root - INFO - Checking number of classes in in each column: (f    3535
t     237
Name: query hyperthyroid, dtype: int64, f    2825
t     192
Name: query hyperthyroid, dtype: int64)
[ 2023-01-14 06:46:47,416 ] 91 root - INFO - Checking Data Types of lithium: object, object 
[ 2023-01-14 06:46:47,417 ] 98 root - INFO - Checking number of classes in in each column: (f    3754
t      18
Name: lithium, dtype: int64, f    3003
t      14
Name: lithium, dtype: int64)
[ 2023-01-14 06:46:47,419 ] 91 root - INFO - Checking Data Types of goitre: object, object 
[ 2023-01-14 06:46:47,420 ] 98 root - INFO - Checking number of classes in in each column: (f    3738
t      34
Name: goitre, dtype: int64, f    2991
t      26
Name: goitre, dtype: int64)
[ 2023-01-14 06:46:47,421 ] 91 root - INFO - Checking Data Types of tumor: object, object 
[ 2023-01-14 06:46:47,423 ] 98 root - INFO - Checking number of classes in in each column: (f    3676
t      96
Name: tumor, dtype: int64, f    2940
t      77
Name: tumor, dtype: int64)
[ 2023-01-14 06:46:47,424 ] 91 root - INFO - Checking Data Types of hypopituitary: object, object 
[ 2023-01-14 06:46:47,426 ] 98 root - INFO - Checking number of classes in in each column: (f    3771
t       1
Name: hypopituitary, dtype: int64, f    3016
t       1
Name: hypopituitary, dtype: int64)
[ 2023-01-14 06:46:47,427 ] 91 root - INFO - Checking Data Types of psych: object, object 
[ 2023-01-14 06:46:47,428 ] 98 root - INFO - Checking number of classes in in each column: (f    3588
t     184
Name: psych, dtype: int64, f    2867
t     150
Name: psych, dtype: int64)
[ 2023-01-14 06:46:47,430 ] 91 root - INFO - Checking Data Types of TSH measured: object, object 
[ 2023-01-14 06:46:47,431 ] 98 root - INFO - Checking number of classes in in each column: (t    3403
f     369
Name: TSH measured, dtype: int64, t    2720
f     297
Name: TSH measured, dtype: int64)
[ 2023-01-14 06:46:47,432 ] 91 root - INFO - Checking Data Types of TSH: object, float64 
[ 2023-01-14 06:46:47,435 ] 98 root - INFO - Checking number of classes in in each column: (0.2     116
1.3     105
1.1      97
1.4      91
1.5      80
       ... 
86        1
18.4      1
89        1
29        1
40        1
Name: TSH, Length: 287, dtype: int64, 0.2      98
1.3      84
1.1      75
1.4      72
1.6      68
         ..
30.0      1
400.0     1
40.0      1
70.0      1
7.7       1
Name: TSH, Length: 277, dtype: int64)
[ 2023-01-14 06:46:47,436 ] 91 root - INFO - Checking Data Types of T3 measured: object, object 
[ 2023-01-14 06:46:47,438 ] 98 root - INFO - Checking number of classes in in each column: (t    3003
f     769
Name: T3 measured, dtype: int64, t    2408
f     609
Name: T3 measured, dtype: int64)
[ 2023-01-14 06:46:47,439 ] 91 root - INFO - Checking Data Types of TT4 measured: object, object 
[ 2023-01-14 06:46:47,441 ] 98 root - INFO - Checking number of classes in in each column: (t    3541
f     231
Name: TT4 measured, dtype: int64, t    2833
f     184
Name: TT4 measured, dtype: int64)
[ 2023-01-14 06:46:47,442 ] 91 root - INFO - Checking Data Types of TT4: object, float64 
[ 2023-01-14 06:46:47,445 ] 98 root - INFO - Checking number of classes in in each column: (101    71
93     67
98     63
103    63
102    59
       ..
289     1
240     1
43      1
34      1
258     1
Name: TT4, Length: 241, dtype: int64, 101.0    63
93.0     55
103.0    55
98.0     54
87.0     50
         ..
23.0      1
372.0     1
28.0      1
257.0     1
246.0     1
Name: TT4, Length: 230, dtype: int64)
[ 2023-01-14 06:46:47,446 ] 91 root - INFO - Checking Data Types of T4U measured: object, object 
[ 2023-01-14 06:46:47,448 ] 98 root - INFO - Checking number of classes in in each column: (t    3385
f     387
Name: T4U measured, dtype: int64, t    2707
f     310
Name: T4U measured, dtype: int64)
[ 2023-01-14 06:46:47,449 ] 91 root - INFO - Checking Data Types of T4U: object, float64 
[ 2023-01-14 06:46:47,451 ] 98 root - INFO - Checking number of classes in in each column: (0.99    95
0.9     93
1.01    91
1       90
0.92    89
        ..
1.84     1
0.57     1
2.03     1
1.97     1
0.25     1
Name: T4U, Length: 146, dtype: int64, 0.92    82
0.97    71
0.93    71
0.99    71
1.00    69
        ..
1.71     1
1.58     1
0.36     1
1.57     1
2.32     1
Name: T4U, Length: 139, dtype: int64)
[ 2023-01-14 06:46:47,453 ] 91 root - INFO - Checking Data Types of FTI measured: object, object 
[ 2023-01-14 06:46:47,454 ] 98 root - INFO - Checking number of classes in in each column: (t    3387
f     385
Name: FTI measured, dtype: int64, t    2709
f     308
Name: FTI measured, dtype: int64)
[ 2023-01-14 06:46:47,455 ] 91 root - INFO - Checking Data Types of FTI: object, float64 
[ 2023-01-14 06:46:47,458 ] 98 root - INFO - Checking number of classes in in each column: (100    73
93     70
114    65
98     64
107    64
       ..
349     1
221     1
187     1
39      1
227     1
Name: FTI, Length: 234, dtype: int64, 100.0    65
114.0    54
93.0     53
104.0    52
107.0    51
         ..
349.0     1
5.4       1
281.0     1
253.0     1
232.0     1
Name: FTI, Length: 219, dtype: int64)
[ 2023-01-14 06:46:47,459 ] 91 root - INFO - Checking Data Types of TBG measured: object, object 
[ 2023-01-14 06:46:47,461 ] 98 root - INFO - Checking number of classes in in each column: (f    3772
Name: TBG measured, dtype: int64, f    3017
Name: TBG measured, dtype: int64)
[ 2023-01-14 06:46:47,462 ] 91 root - INFO - Checking Data Types of referral source: object, object 
[ 2023-01-14 06:46:47,463 ] 98 root - INFO - Checking number of classes in in each column: (other    2201
SVI      1034
SVHC      386
STMW      112
SVHD       39
Name: referral source, dtype: int64, other    1752
SVI       845
SVHC      306
STMW       82
SVHD       32
Name: referral source, dtype: int64)
[ 2023-01-14 06:46:47,465 ] 91 root - INFO - Checking Data Types of binaryClass: object, object 
[ 2023-01-14 06:46:47,466 ] 98 root - INFO - Checking number of classes in in each column: (P    3481
N     291
Name: binaryClass, dtype: int64, P    2784
N     233
Name: binaryClass, dtype: int64)
[ 2023-01-14 06:46:47,467 ] 138 root - INFO - As all column are available in test df hence detecting data drift
[ 2023-01-14 06:46:47,468 ] 91 root - INFO - Checking Data Types of age: object, int64 
[ 2023-01-14 06:46:47,470 ] 98 root - INFO - Checking number of classes in in each column: (59     95
60     91
70     90
73     81
55     81
       ..
10      1
4       1
5       1
455     1
6       1
Name: age, Length: 93, dtype: int64, 70    24
60    19
68    18
37    18
72    17
      ..
90     1
2      1
7      1
13     1
86     1
Name: age, Length: 85, dtype: int64)
[ 2023-01-14 06:46:47,471 ] 91 root - INFO - Checking Data Types of sex: object, object 
[ 2023-01-14 06:46:47,472 ] 98 root - INFO - Checking number of classes in in each column: (F    2480
M    1142
Name: sex, dtype: int64, F    502
M    226
Name: sex, dtype: int64)
[ 2023-01-14 06:46:47,473 ] 91 root - INFO - Checking Data Types of on thyroxine: object, object 
[ 2023-01-14 06:46:47,475 ] 98 root - INFO - Checking number of classes in in each column: (f    3308
t     464
Name: on thyroxine, dtype: int64, f    656
t     99
Name: on thyroxine, dtype: int64)
[ 2023-01-14 06:46:47,476 ] 91 root - INFO - Checking Data Types of query on thyroxine: object, object 
[ 2023-01-14 06:46:47,477 ] 98 root - INFO - Checking number of classes in in each column: (f    3722
t      50
Name: query on thyroxine, dtype: int64, f    744
t     11
Name: query on thyroxine, dtype: int64)
[ 2023-01-14 06:46:47,478 ] 91 root - INFO - Checking Data Types of on antithyroid medication: object, object 
[ 2023-01-14 06:46:47,480 ] 98 root - INFO - Checking number of classes in in each column: (f    3729
t      43
Name: on antithyroid medication, dtype: int64, f    747
t      8
Name: on antithyroid medication, dtype: int64)
[ 2023-01-14 06:46:47,481 ] 91 root - INFO - Checking Data Types of sick: object, object 
[ 2023-01-14 06:46:47,482 ] 98 root - INFO - Checking number of classes in in each column: (f    3625
t     147
Name: sick, dtype: int64, f    726
t     29
Name: sick, dtype: int64)
[ 2023-01-14 06:46:47,483 ] 91 root - INFO - Checking Data Types of pregnant: object, object 
[ 2023-01-14 06:46:47,485 ] 98 root - INFO - Checking number of classes in in each column: (f    3719
t      53
Name: pregnant, dtype: int64, f    741
t     14
Name: pregnant, dtype: int64)
[ 2023-01-14 06:46:47,486 ] 91 root - INFO - Checking Data Types of thyroid surgery: object, object 
[ 2023-01-14 06:46:47,487 ] 98 root - INFO - Checking number of classes in in each column: (f    3719
t      53
Name: thyroid surgery, dtype: int64, f    740
t     15
Name: thyroid surgery, dtype: int64)
[ 2023-01-14 06:46:47,488 ] 91 root - INFO - Checking Data Types of I131 treatment: object, object 
[ 2023-01-14 06:46:47,490 ] 98 root - INFO - Checking number of classes in in each column: (f    3713
t      59
Name: I131 treatment, dtype: int64, f    743
t     12
Name: I131 treatment, dtype: int64)
[ 2023-01-14 06:46:47,491 ] 91 root - INFO - Checking Data Types of query hypothyroid: object, object 
[ 2023-01-14 06:46:47,493 ] 98 root - INFO - Checking number of classes in in each column: (f    3538
t     234
Name: query hypothyroid, dtype: int64, f    705
t     50
Name: query hypothyroid, dtype: int64)
[ 2023-01-14 06:46:47,494 ] 91 root - INFO - Checking Data Types of query hyperthyroid: object, object 
[ 2023-01-14 06:46:47,495 ] 98 root - INFO - Checking number of classes in in each column: (f    3535
t     237
Name: query hyperthyroid, dtype: int64, f    710
t     45
Name: query hyperthyroid, dtype: int64)
[ 2023-01-14 06:46:47,496 ] 91 root - INFO - Checking Data Types of lithium: object, object 
[ 2023-01-14 06:46:47,498 ] 98 root - INFO - Checking number of classes in in each column: (f    3754
t      18
Name: lithium, dtype: int64, f    751
t      4
Name: lithium, dtype: int64)
[ 2023-01-14 06:46:47,499 ] 91 root - INFO - Checking Data Types of goitre: object, object 
[ 2023-01-14 06:46:47,500 ] 98 root - INFO - Checking number of classes in in each column: (f    3738
t      34
Name: goitre, dtype: int64, f    747
t      8
Name: goitre, dtype: int64)
[ 2023-01-14 06:46:47,501 ] 91 root - INFO - Checking Data Types of tumor: object, object 
[ 2023-01-14 06:46:47,503 ] 98 root - INFO - Checking number of classes in in each column: (f    3676
t      96
Name: tumor, dtype: int64, f    736
t     19
Name: tumor, dtype: int64)
[ 2023-01-14 06:46:47,504 ] 91 root - INFO - Checking Data Types of hypopituitary: object, object 
[ 2023-01-14 06:46:47,505 ] 98 root - INFO - Checking number of classes in in each column: (f    3771
t       1
Name: hypopituitary, dtype: int64, f    755
Name: hypopituitary, dtype: int64)
[ 2023-01-14 06:46:47,506 ] 91 root - INFO - Checking Data Types of psych: object, object 
[ 2023-01-14 06:46:47,508 ] 98 root - INFO - Checking number of classes in in each column: (f    3588
t     184
Name: psych, dtype: int64, f    721
t     34
Name: psych, dtype: int64)
[ 2023-01-14 06:46:47,509 ] 91 root - INFO - Checking Data Types of TSH measured: object, object 
[ 2023-01-14 06:46:47,510 ] 98 root - INFO - Checking number of classes in in each column: (t    3403
f     369
Name: TSH measured, dtype: int64, t    683
f     72
Name: TSH measured, dtype: int64)
[ 2023-01-14 06:46:47,511 ] 91 root - INFO - Checking Data Types of TSH: object, float64 
[ 2023-01-14 06:46:47,514 ] 98 root - INFO - Checking number of classes in in each column: (0.2     116
1.3     105
1.1      97
1.4      91
1.5      80
       ... 
86        1
18.4      1
89        1
29        1
40        1
Name: TSH, Length: 287, dtype: int64, 1.10     22
1.00     21
1.30     21
1.50     21
0.02     19
         ..
28.00     1
0.33      1
7.60      1
31.00     1
0.97      1
Name: TSH, Length: 173, dtype: int64)
[ 2023-01-14 06:46:47,515 ] 91 root - INFO - Checking Data Types of T3 measured: object, object 
[ 2023-01-14 06:46:47,517 ] 98 root - INFO - Checking number of classes in in each column: (t    3003
f     769
Name: T3 measured, dtype: int64, t    595
f    160
Name: T3 measured, dtype: int64)
[ 2023-01-14 06:46:47,518 ] 91 root - INFO - Checking Data Types of TT4 measured: object, object 
[ 2023-01-14 06:46:47,519 ] 98 root - INFO - Checking number of classes in in each column: (t    3541
f     231
Name: TT4 measured, dtype: int64, t    708
f     47
Name: TT4 measured, dtype: int64)
[ 2023-01-14 06:46:47,520 ] 91 root - INFO - Checking Data Types of TT4: object, float64 
[ 2023-01-14 06:46:47,523 ] 98 root - INFO - Checking number of classes in in each column: (101    71
93     67
98     63
103    63
102    59
       ..
289     1
240     1
43      1
34      1
258     1
Name: TT4, Length: 241, dtype: int64, 102.0    16
86.0     15
100.0    15
94.0     15
111.0    14
         ..
195.0     1
223.0     1
51.0      1
194.0     1
52.0      1
Name: TT4, Length: 155, dtype: int64)
[ 2023-01-14 06:46:47,524 ] 91 root - INFO - Checking Data Types of T4U measured: object, object 
[ 2023-01-14 06:46:47,526 ] 98 root - INFO - Checking number of classes in in each column: (t    3385
f     387
Name: T4U measured, dtype: int64, t    678
f     77
Name: T4U measured, dtype: int64)
[ 2023-01-14 06:46:47,527 ] 91 root - INFO - Checking Data Types of T4U: object, float64 
[ 2023-01-14 06:46:47,529 ] 98 root - INFO - Checking number of classes in in each column: (0.99    95
0.9     93
1.01    91
1       90
0.92    89
        ..
1.84     1
0.57     1
2.03     1
1.97     1
0.25     1
Name: T4U, Length: 146, dtype: int64, 1.01    25
0.90    24
0.99    24
1.00    21
0.95    20
        ..
2.12     1
1.83     1
1.68     1
0.65     1
0.50     1
Name: T4U, Length: 105, dtype: int64)
[ 2023-01-14 06:46:47,530 ] 91 root - INFO - Checking Data Types of FTI measured: object, object 
[ 2023-01-14 06:46:47,532 ] 98 root - INFO - Checking number of classes in in each column: (t    3387
f     385
Name: FTI measured, dtype: int64, t    678
f     77
Name: FTI measured, dtype: int64)
[ 2023-01-14 06:46:47,533 ] 91 root - INFO - Checking Data Types of FTI: object, float64 
[ 2023-01-14 06:46:47,536 ] 98 root - INFO - Checking number of classes in in each column: (100    73
93     70
114    65
98     64
107    64
       ..
349     1
221     1
187     1
39      1
227     1
Name: FTI, Length: 234, dtype: int64, 92.0     19
96.0     17
93.0     17
117.0    16
106.0    15
         ..
10.0      1
74.0      1
245.0     1
46.0      1
265.0     1
Name: FTI, Length: 142, dtype: int64)
[ 2023-01-14 06:46:47,537 ] 91 root - INFO - Checking Data Types of TBG measured: object, object 
[ 2023-01-14 06:46:47,538 ] 98 root - INFO - Checking number of classes in in each column: (f    3772
Name: TBG measured, dtype: int64, f    755
Name: TBG measured, dtype: int64)
[ 2023-01-14 06:46:47,539 ] 91 root - INFO - Checking Data Types of referral source: object, object 
[ 2023-01-14 06:46:47,541 ] 98 root - INFO - Checking number of classes in in each column: (other    2201
SVI      1034
SVHC      386
STMW      112
SVHD       39
Name: referral source, dtype: int64, other    449
SVI      189
SVHC      80
STMW      30
SVHD       7
Name: referral source, dtype: int64)
[ 2023-01-14 06:46:47,542 ] 91 root - INFO - Checking Data Types of binaryClass: object, object 
[ 2023-01-14 06:46:47,543 ] 98 root - INFO - Checking number of classes in in each column: (P    3481
N     291
Name: binaryClass, dtype: int64, P    697
N     58
Name: binaryClass, dtype: int64)
[ 2023-01-14 06:46:47,544 ] 142 root - INFO - Writing report in yaml file
[ 2023-01-14 06:46:47,555 ] 147 root - INFO - Data validation artifact: DataValidationArtifact(report_file_path='/config/workspace/artifact/01142023__064647/data_validation/report.yaml')
