[ 2023-01-14 06:06:33,540 ] 17 root - INFO - >>>>>>>>>>>>>>>>>>>>>>>>>>>>>>>>>>>>>>>> Data Ingestion <<<<<<<<<<<<<<<<<<<<<<<<<<<<<<<<<<<<<<<<
[ 2023-01-14 06:06:33,540 ] 28 root - INFO - Exporting collection data as pandas dataframe
[ 2023-01-14 06:06:33,540 ] 22 root - INFO - Reading data from database: HealthCare and collection: Thyroid
[ 2023-01-14 06:06:33,689 ] 24 root - INFO - Found columns: Index(['_id', 'age', 'sex', 'on thyroxine', 'query on thyroxine',
       'on antithyroid medication', 'sick', 'pregnant', 'thyroid surgery',
       'I131 treatment', 'query hypothyroid', 'query hyperthyroid', 'lithium',
       'goitre', 'tumor', 'hypopituitary', 'psych', 'TSH measured', 'TSH',
       'T3 measured', 'T3', 'TT4 measured', 'TT4', 'T4U measured', 'T4U',
       'FTI measured', 'FTI', 'TBG measured', 'TBG', 'referral source',
       'binaryClass'],
      dtype='object')
[ 2023-01-14 06:06:33,690 ] 26 root - INFO - Dropping column: _id 
[ 2023-01-14 06:06:33,692 ] 28 root - INFO - Row and columns in df: (3772, 30)
[ 2023-01-14 06:06:33,692 ] 34 root - INFO - Replacing '?' value to np.NAN
[ 2023-01-14 06:06:33,697 ] 39 root - INFO - Save data in feature store
[ 2023-01-14 06:06:33,697 ] 41 root - INFO - Create feature store folder if not available
[ 2023-01-14 06:06:33,698 ] 45 root - INFO - Save df to feature store folder
[ 2023-01-14 06:06:33,736 ] 50 root - INFO - split dataset into train and test set
[ 2023-01-14 06:06:33,741 ] 54 root - INFO - create dataset directory folder if not available
[ 2023-01-14 06:06:33,741 ] 59 root - INFO - Saving train df and test df to dataset folder
[ 2023-01-14 06:06:33,776 ] 71 root - INFO - Data ingestion artifact: DataIngestionArtifact(feature_store_file_path='/config/workspace/artifact/01142023__060633/data_ingestion/feature_store/thyroid.csv', train_file_path='/config/workspace/artifact/01142023__060633/data_ingestion/dataset/train.csv', test_file_path='/config/workspace/artifact/01142023__060633/data_ingestion/dataset/test.csv')
[ 2023-01-14 06:06:33,778 ] 20 root - INFO - >>>>>>>>>>>>>>>>>>>>>>>>>>>>>>>>>>>>>>>> Data Validation <<<<<<<<<<<<<<<<<<<<<<<<<<<<<<<<<<<<<<<<
[ 2023-01-14 06:06:33,778 ] 98 root - INFO - Reading base dataframe
[ 2023-01-14 06:06:33,817 ] 101 root - INFO - Replace ? value in base df
[ 2023-01-14 06:06:33,817 ] 103 root - INFO - Drop null values colums from base df
[ 2023-01-14 06:06:33,835 ] 42 root - INFO - selecting column name which contains null above to 0.2
[ 2023-01-14 06:06:33,835 ] 45 root - INFO - Columns to drop: ['T3', 'TBG']
[ 2023-01-14 06:06:33,837 ] 106 root - INFO - Reading train dataframe
[ 2023-01-14 06:06:33,848 ] 108 root - INFO - Reading test dataframe
[ 2023-01-14 06:06:33,853 ] 111 root - INFO - Drop null values colums from train df
[ 2023-01-14 06:06:33,864 ] 42 root - INFO - selecting column name which contains null above to 0.2
[ 2023-01-14 06:06:33,865 ] 45 root - INFO - Columns to drop: ['T3', 'TBG']
[ 2023-01-14 06:06:33,866 ] 113 root - INFO - Drop null values colums from test df
[ 2023-01-14 06:06:33,869 ] 42 root - INFO - selecting column name which contains null above to 0.2
[ 2023-01-14 06:06:33,870 ] 45 root - INFO - Columns to drop: ['T3', 'TBG']
[ 2023-01-14 06:06:33,871 ] 116 root - INFO - Is all required columns present in train df
[ 2023-01-14 06:06:33,871 ] 118 root - INFO - Is all required columns present in test df
[ 2023-01-14 06:06:33,871 ] 122 root - INFO - As all column are available in train df hence detecting data drift
[ 2023-01-14 06:06:33,874 ] 89 root - INFO - Number of class in each column: <bound method IndexOpsMixin.value_counts of 0       41
1       23
2       46
3       70
4       70
        ..
3767    30
3768    68
3769    74
3770    72
3771    64
Name: age, Length: 3772, dtype: object>,  <bound method IndexOpsMixin.value_counts of 0       65.0
1       62.0
2       27.0
3       80.0
4       28.0
        ... 
3012    60.0
3013    25.0
3014    65.0
3015    73.0
3016    75.0
Name: age, Length: 3017, dtype: float64>
[ 2023-01-14 06:06:33,875 ] 89 root - INFO - Number of class in each column: <bound method IndexOpsMixin.value_counts of 0       F
1       F
2       M
3       F
4       F
       ..
3767    F
3768    F
3769    F
3770    M
3771    F
Name: sex, Length: 3772, dtype: object>,  <bound method IndexOpsMixin.value_counts of 0       F
1       F
2       F
3       F
4       F
       ..
3012    F
3013    F
3014    F
3015    F
3016    M
Name: sex, Length: 3017, dtype: object>
[ 2023-01-14 06:06:33,877 ] 89 root - INFO - Number of class in each column: <bound method IndexOpsMixin.value_counts of 0       f
1       f
2       f
3       t
4       f
       ..
3767    f
3768    f
3769    f
3770    f
3771    f
Name: on thyroxine, Length: 3772, dtype: object>,  <bound method IndexOpsMixin.value_counts of 0       t
1       f
2       f
3       f
4       f
       ..
3012    f
3013    f
3014    t
3015    t
3016    f
Name: on thyroxine, Length: 3017, dtype: object>
[ 2023-01-14 06:06:33,878 ] 89 root - INFO - Number of class in each column: <bound method IndexOpsMixin.value_counts of 0       f
1       f
2       f
3       f
4       f
       ..
3767    f
3768    f
3769    f
3770    f
3771    f
Name: query on thyroxine, Length: 3772, dtype: object>,  <bound method IndexOpsMixin.value_counts of 0       f
1       f
2       f
3       f
4       f
       ..
3012    f
3013    f
3014    f
3015    f
3016    f
Name: query on thyroxine, Length: 3017, dtype: object>
[ 2023-01-14 06:06:33,880 ] 89 root - INFO - Number of class in each column: <bound method IndexOpsMixin.value_counts of 0       f
1       f
2       f
3       f
4       f
       ..
3767    f
3768    f
3769    f
3770    f
3771    f
Name: on antithyroid medication, Length: 3772, dtype: object>,  <bound method IndexOpsMixin.value_counts of 0       f
1       f
2       f
3       f
4       t
       ..
3012    f
3013    f
3014    f
3015    f
3016    f
Name: on antithyroid medication, Length: 3017, dtype: object>
[ 2023-01-14 06:06:33,881 ] 89 root - INFO - Number of class in each column: <bound method IndexOpsMixin.value_counts of 0       f
1       f
2       f
3       f
4       f
       ..
3767    f
3768    f
3769    f
3770    f
3771    f
Name: sick, Length: 3772, dtype: object>,  <bound method IndexOpsMixin.value_counts of 0       f
1       t
2       f
3       f
4       f
       ..
3012    f
3013    f
3014    f
3015    f
3016    t
Name: sick, Length: 3017, dtype: object>
[ 2023-01-14 06:06:33,883 ] 89 root - INFO - Number of class in each column: <bound method IndexOpsMixin.value_counts of 0       f
1       f
2       f
3       f
4       f
       ..
3767    f
3768    f
3769    f
3770    f
3771    f
Name: pregnant, Length: 3772, dtype: object>,  <bound method IndexOpsMixin.value_counts of 0       f
1       f
2       f
3       f
4       f
       ..
3012    f
3013    f
3014    f
3015    f
3016    f
Name: pregnant, Length: 3017, dtype: object>
[ 2023-01-14 06:06:33,884 ] 89 root - INFO - Number of class in each column: <bound method IndexOpsMixin.value_counts of 0       f
1       f
2       f
3       f
4       f
       ..
3767    f
3768    f
3769    f
3770    f
3771    f
Name: thyroid surgery, Length: 3772, dtype: object>,  <bound method IndexOpsMixin.value_counts of 0       f
1       f
2       f
3       f
4       f
       ..
3012    f
3013    f
3014    f
3015    f
3016    f
Name: thyroid surgery, Length: 3017, dtype: object>
[ 2023-01-14 06:06:33,886 ] 89 root - INFO - Number of class in each column: <bound method IndexOpsMixin.value_counts of 0       f
1       f
2       f
3       f
4       f
       ..
3767    f
3768    f
3769    f
3770    f
3771    f
Name: I131 treatment, Length: 3772, dtype: object>,  <bound method IndexOpsMixin.value_counts of 0       f
1       f
2       f
3       f
4       f
       ..
3012    f
3013    f
3014    f
3015    f
3016    f
Name: I131 treatment, Length: 3017, dtype: object>
[ 2023-01-14 06:06:33,887 ] 89 root - INFO - Number of class in each column: <bound method IndexOpsMixin.value_counts of 0       f
1       f
2       f
3       f
4       f
       ..
3767    f
3768    f
3769    f
3770    f
3771    f
Name: query hypothyroid, Length: 3772, dtype: object>,  <bound method IndexOpsMixin.value_counts of 0       f
1       f
2       f
3       f
4       f
       ..
3012    f
3013    f
3014    f
3015    t
3016    f
Name: query hypothyroid, Length: 3017, dtype: object>
[ 2023-01-14 06:06:33,889 ] 89 root - INFO - Number of class in each column: <bound method IndexOpsMixin.value_counts of 0       f
1       f
2       f
3       f
4       f
       ..
3767    f
3768    f
3769    t
3770    f
3771    f
Name: query hyperthyroid, Length: 3772, dtype: object>,  <bound method IndexOpsMixin.value_counts of 0       f
1       f
2       f
3       f
4       f
       ..
3012    f
3013    f
3014    f
3015    f
3016    f
Name: query hyperthyroid, Length: 3017, dtype: object>
[ 2023-01-14 06:06:33,890 ] 89 root - INFO - Number of class in each column: <bound method IndexOpsMixin.value_counts of 0       f
1       f
2       f
3       f
4       f
       ..
3767    f
3768    f
3769    f
3770    f
3771    f
Name: lithium, Length: 3772, dtype: object>,  <bound method IndexOpsMixin.value_counts of 0       f
1       f
2       f
3       f
4       f
       ..
3012    f
3013    f
3014    f
3015    f
3016    f
Name: lithium, Length: 3017, dtype: object>
[ 2023-01-14 06:06:33,892 ] 89 root - INFO - Number of class in each column: <bound method IndexOpsMixin.value_counts of 0       f
1       f
2       f
3       f
4       f
       ..
3767    f
3768    f
3769    f
3770    f
3771    f
Name: goitre, Length: 3772, dtype: object>,  <bound method IndexOpsMixin.value_counts of 0       f
1       f
2       f
3       f
4       f
       ..
3012    f
3013    f
3014    f
3015    f
3016    f
Name: goitre, Length: 3017, dtype: object>
[ 2023-01-14 06:06:33,893 ] 89 root - INFO - Number of class in each column: <bound method IndexOpsMixin.value_counts of 0       f
1       f
2       f
3       f
4       f
       ..
3767    t
3768    f
3769    f
3770    f
3771    f
Name: tumor, Length: 3772, dtype: object>,  <bound method IndexOpsMixin.value_counts of 0       f
1       f
2       f
3       f
4       f
       ..
3012    f
3013    f
3014    f
3015    f
3016    f
Name: tumor, Length: 3017, dtype: object>
[ 2023-01-14 06:06:33,895 ] 89 root - INFO - Number of class in each column: <bound method IndexOpsMixin.value_counts of 0       f
1       f
2       f
3       f
4       f
       ..
3767    f
3768    f
3769    f
3770    f
3771    f
Name: hypopituitary, Length: 3772, dtype: object>,  <bound method IndexOpsMixin.value_counts of 0       f
1       f
2       f
3       f
4       f
       ..
3012    f
3013    f
3014    f
3015    f
3016    f
Name: hypopituitary, Length: 3017, dtype: object>
[ 2023-01-14 06:06:33,896 ] 89 root - INFO - Number of class in each column: <bound method IndexOpsMixin.value_counts of 0       f
1       f
2       f
3       f
4       f
       ..
3767    f
3768    f
3769    f
3770    f
3771    f
Name: psych, Length: 3772, dtype: object>,  <bound method IndexOpsMixin.value_counts of 0       f
1       f
2       t
3       f
4       f
       ..
3012    f
3013    f
3014    f
3015    f
3016    f
Name: psych, Length: 3017, dtype: object>
[ 2023-01-14 06:06:33,898 ] 89 root - INFO - Number of class in each column: <bound method IndexOpsMixin.value_counts of 0       t
1       t
2       t
3       t
4       t
       ..
3767    f
3768    t
3769    t
3770    t
3771    t
Name: TSH measured, Length: 3772, dtype: object>,  <bound method IndexOpsMixin.value_counts of 0       t
1       t
2       t
3       t
4       t
       ..
3012    t
3013    t
3014    t
3015    t
3016    t
Name: TSH measured, Length: 3017, dtype: object>
[ 2023-01-14 06:06:33,900 ] 89 root - INFO - Number of class in each column: <bound method IndexOpsMixin.value_counts of 0        1.3
1        4.1
2       0.98
3       0.16
4       0.72
        ... 
3767     NaN
3768       1
3769     5.1
3770     0.7
3771       1
Name: TSH, Length: 3772, dtype: object>,  <bound method IndexOpsMixin.value_counts of 0        0.400
1       11.000
2        1.700
3        2.600
4        0.300
         ...  
3012     2.100
3013     0.700
3014     0.015
3015     0.030
3016     0.020
Name: TSH, Length: 3017, dtype: float64>
[ 2023-01-14 06:06:33,901 ] 89 root - INFO - Number of class in each column: <bound method IndexOpsMixin.value_counts of 0       t
1       t
2       f
3       t
4       t
       ..
3767    f
3768    t
3769    t
3770    t
3771    t
Name: T3 measured, Length: 3772, dtype: object>,  <bound method IndexOpsMixin.value_counts of 0       f
1       t
2       t
3       t
4       t
       ..
3012    f
3013    t
3014    t
3015    t
3016    f
Name: T3 measured, Length: 3017, dtype: object>
[ 2023-01-14 06:06:33,903 ] 89 root - INFO - Number of class in each column: <bound method IndexOpsMixin.value_counts of 0       t
1       t
2       t
3       t
4       t
       ..
3767    f
3768    t
3769    t
3770    t
3771    t
Name: TT4 measured, Length: 3772, dtype: object>,  <bound method IndexOpsMixin.value_counts of 0       t
1       t
2       t
3       t
4       t
       ..
3012    t
3013    t
3014    t
3015    t
3016    t
Name: TT4 measured, Length: 3017, dtype: object>
[ 2023-01-14 06:06:33,904 ] 89 root - INFO - Number of class in each column: <bound method IndexOpsMixin.value_counts of 0       125
1       102
2       109
3       175
4        61
       ... 
3767    NaN
3768    124
3769    112
3770     82
3771     99
Name: TT4, Length: 3772, dtype: object>,  <bound method IndexOpsMixin.value_counts of 0       175.0
1        73.0
2       146.0
3        97.0
4       171.0
        ...  
3012    127.0
3013     94.0
3014    168.0
3015    127.0
3016    150.0
Name: TT4, Length: 3017, dtype: float64>
[ 2023-01-14 06:06:33,906 ] 89 root - INFO - Number of class in each column: <bound method IndexOpsMixin.value_counts of 0       t
1       f
2       t
3       f
4       t
       ..
3767    f
3768    t
3769    t
3770    t
3771    t
Name: T4U measured, Length: 3772, dtype: object>,  <bound method IndexOpsMixin.value_counts of 0       t
1       t
2       t
3       t
4       t
       ..
3012    t
3013    t
3014    t
3015    t
3016    t
Name: T4U measured, Length: 3017, dtype: object>
[ 2023-01-14 06:06:33,908 ] 89 root - INFO - Number of class in each column: <bound method IndexOpsMixin.value_counts of 0       1.14
1        NaN
2       0.91
3        NaN
4       0.87
        ... 
3767     NaN
3768    1.08
3769    1.07
3770    0.94
3771    1.07
Name: T4U, Length: 3772, dtype: object>,  <bound method IndexOpsMixin.value_counts of 0       1.12
1       0.74
2       1.19
3       1.04
4       1.20
        ... 
3012    1.01
3013    0.93
3014    0.98
3015    0.89
3016    0.88
Name: T4U, Length: 3017, dtype: float64>
[ 2023-01-14 06:06:33,909 ] 89 root - INFO - Number of class in each column: <bound method IndexOpsMixin.value_counts of 0       t
1       f
2       t
3       f
4       t
       ..
3767    f
3768    t
3769    t
3770    t
3771    t
Name: FTI measured, Length: 3772, dtype: object>,  <bound method IndexOpsMixin.value_counts of 0       t
1       t
2       t
3       t
4       t
       ..
3012    t
3013    t
3014    t
3015    t
3016    t
Name: FTI measured, Length: 3017, dtype: object>
[ 2023-01-14 06:06:33,911 ] 89 root - INFO - Number of class in each column: <bound method IndexOpsMixin.value_counts of 0       109
1       NaN
2       120
3       NaN
4        70
       ... 
3767    NaN
3768    114
3769    105
3770     87
3771     92
Name: FTI, Length: 3772, dtype: object>,  <bound method IndexOpsMixin.value_counts of 0       156.0
1        98.0
2       123.0
3        94.0
4       143.0
        ...  
3012    126.0
3013    101.0
3014    171.0
3015    143.0
3016    171.0
Name: FTI, Length: 3017, dtype: float64>
[ 2023-01-14 06:06:33,912 ] 89 root - INFO - Number of class in each column: <bound method IndexOpsMixin.value_counts of 0       f
1       f
2       f
3       f
4       f
       ..
3767    f
3768    f
3769    f
3770    f
3771    f
Name: TBG measured, Length: 3772, dtype: object>,  <bound method IndexOpsMixin.value_counts of 0       f
1       f
2       f
3       f
4       f
       ..
3012    f
3013    f
3014    f
3015    f
3016    f
Name: TBG measured, Length: 3017, dtype: object>
[ 2023-01-14 06:06:33,914 ] 89 root - INFO - Number of class in each column: <bound method IndexOpsMixin.value_counts of 0        SVHC
1       other
2       other
3       other
4         SVI
        ...  
3767    other
3768      SVI
3769    other
3770      SVI
3771    other
Name: referral source, Length: 3772, dtype: object>,  <bound method IndexOpsMixin.value_counts of 0       other
1         SVI
2        SVHC
3       other
4       other
        ...  
3012    other
3013      SVI
3014    other
3015    other
3016     SVHD
Name: referral source, Length: 3017, dtype: object>
[ 2023-01-14 06:06:33,915 ] 89 root - INFO - Number of class in each column: <bound method IndexOpsMixin.value_counts of 0       P
1       P
2       P
3       P
4       P
       ..
3767    P
3768    P
3769    P
3770    P
3771    P
Name: binaryClass, Length: 3772, dtype: object>,  <bound method IndexOpsMixin.value_counts of 0       P
1       N
2       P
3       P
4       P
       ..
3012    P
3013    P
3014    P
3015    P
3016    P
Name: binaryClass, Length: 3017, dtype: object>
[ 2023-01-14 06:06:33,916 ] 125 root - INFO - As all column are available in test df hence detecting data drift
[ 2023-01-14 06:06:33,917 ] 89 root - INFO - Number of class in each column: <bound method IndexOpsMixin.value_counts of 0       41
1       23
2       46
3       70
4       70
        ..
3767    30
3768    68
3769    74
3770    72
3771    64
Name: age, Length: 3772, dtype: object>,  <bound method IndexOpsMixin.value_counts of 0      26
1      26
2      52
3      25
4      29
       ..
750    29
751    28
752    72
753    35
754    34
Name: age, Length: 755, dtype: int64>
[ 2023-01-14 06:06:33,918 ] 89 root - INFO - Number of class in each column: <bound method IndexOpsMixin.value_counts of 0       F
1       F
2       M
3       F
4       F
       ..
3767    F
3768    F
3769    F
3770    M
3771    F
Name: sex, Length: 3772, dtype: object>,  <bound method IndexOpsMixin.value_counts of 0      F
1      F
2      M
3      F
4      F
      ..
750    F
751    F
752    F
753    F
754    F
Name: sex, Length: 755, dtype: object>
[ 2023-01-14 06:06:33,920 ] 89 root - INFO - Number of class in each column: <bound method IndexOpsMixin.value_counts of 0       f
1       f
2       f
3       t
4       f
       ..
3767    f
3768    f
3769    f
3770    f
3771    f
Name: on thyroxine, Length: 3772, dtype: object>,  <bound method IndexOpsMixin.value_counts of 0      f
1      f
2      t
3      f
4      f
      ..
750    f
751    f
752    f
753    t
754    f
Name: on thyroxine, Length: 755, dtype: object>
[ 2023-01-14 06:06:33,921 ] 89 root - INFO - Number of class in each column: <bound method IndexOpsMixin.value_counts of 0       f
1       f
2       f
3       f
4       f
       ..
3767    f
3768    f
3769    f
3770    f
3771    f
Name: query on thyroxine, Length: 3772, dtype: object>,  <bound method IndexOpsMixin.value_counts of 0      f
1      f
2      f
3      f
4      f
      ..
750    f
751    f
752    f
753    f
754    f
Name: query on thyroxine, Length: 755, dtype: object>
[ 2023-01-14 06:06:33,923 ] 89 root - INFO - Number of class in each column: <bound method IndexOpsMixin.value_counts of 0       f
1       f
2       f
3       f
4       f
       ..
3767    f
3768    f
3769    f
3770    f
3771    f
Name: on antithyroid medication, Length: 3772, dtype: object>,  <bound method IndexOpsMixin.value_counts of 0      f
1      f
2      f
3      f
4      f
      ..
750    f
751    f
752    f
753    f
754    f
Name: on antithyroid medication, Length: 755, dtype: object>
[ 2023-01-14 06:06:33,924 ] 89 root - INFO - Number of class in each column: <bound method IndexOpsMixin.value_counts of 0       f
1       f
2       f
3       f
4       f
       ..
3767    f
3768    f
3769    f
3770    f
3771    f
Name: sick, Length: 3772, dtype: object>,  <bound method IndexOpsMixin.value_counts of 0      f
1      f
2      f
3      f
4      f
      ..
750    f
751    f
752    f
753    f
754    f
Name: sick, Length: 755, dtype: object>
[ 2023-01-14 06:06:33,926 ] 89 root - INFO - Number of class in each column: <bound method IndexOpsMixin.value_counts of 0       f
1       f
2       f
3       f
4       f
       ..
3767    f
3768    f
3769    f
3770    f
3771    f
Name: pregnant, Length: 3772, dtype: object>,  <bound method IndexOpsMixin.value_counts of 0      f
1      f
2      f
3      f
4      f
      ..
750    f
751    f
752    f
753    f
754    f
Name: pregnant, Length: 755, dtype: object>
[ 2023-01-14 06:06:33,927 ] 89 root - INFO - Number of class in each column: <bound method IndexOpsMixin.value_counts of 0       f
1       f
2       f
3       f
4       f
       ..
3767    f
3768    f
3769    f
3770    f
3771    f
Name: thyroid surgery, Length: 3772, dtype: object>,  <bound method IndexOpsMixin.value_counts of 0      f
1      f
2      f
3      f
4      f
      ..
750    f
751    f
752    f
753    f
754    f
Name: thyroid surgery, Length: 755, dtype: object>
[ 2023-01-14 06:06:33,929 ] 89 root - INFO - Number of class in each column: <bound method IndexOpsMixin.value_counts of 0       f
1       f
2       f
3       f
4       f
       ..
3767    f
3768    f
3769    f
3770    f
3771    f
Name: I131 treatment, Length: 3772, dtype: object>,  <bound method IndexOpsMixin.value_counts of 0      f
1      f
2      f
3      f
4      f
      ..
750    f
751    f
752    f
753    f
754    f
Name: I131 treatment, Length: 755, dtype: object>
[ 2023-01-14 06:06:33,930 ] 89 root - INFO - Number of class in each column: <bound method IndexOpsMixin.value_counts of 0       f
1       f
2       f
3       f
4       f
       ..
3767    f
3768    f
3769    f
3770    f
3771    f
Name: query hypothyroid, Length: 3772, dtype: object>,  <bound method IndexOpsMixin.value_counts of 0      f
1      f
2      f
3      f
4      f
      ..
750    f
751    f
752    t
753    f
754    f
Name: query hypothyroid, Length: 755, dtype: object>
[ 2023-01-14 06:06:33,932 ] 89 root - INFO - Number of class in each column: <bound method IndexOpsMixin.value_counts of 0       f
1       f
2       f
3       f
4       f
       ..
3767    f
3768    f
3769    t
3770    f
3771    f
Name: query hyperthyroid, Length: 3772, dtype: object>,  <bound method IndexOpsMixin.value_counts of 0      f
1      f
2      f
3      f
4      f
      ..
750    f
751    f
752    f
753    f
754    f
Name: query hyperthyroid, Length: 755, dtype: object>
[ 2023-01-14 06:06:33,933 ] 89 root - INFO - Number of class in each column: <bound method IndexOpsMixin.value_counts of 0       f
1       f
2       f
3       f
4       f
       ..
3767    f
3768    f
3769    f
3770    f
3771    f
Name: lithium, Length: 3772, dtype: object>,  <bound method IndexOpsMixin.value_counts of 0      f
1      f
2      f
3      f
4      f
      ..
750    f
751    f
752    f
753    f
754    f
Name: lithium, Length: 755, dtype: object>
[ 2023-01-14 06:06:33,935 ] 89 root - INFO - Number of class in each column: <bound method IndexOpsMixin.value_counts of 0       f
1       f
2       f
3       f
4       f
       ..
3767    f
3768    f
3769    f
3770    f
3771    f
Name: goitre, Length: 3772, dtype: object>,  <bound method IndexOpsMixin.value_counts of 0      f
1      f
2      f
3      t
4      f
      ..
750    f
751    f
752    f
753    f
754    f
Name: goitre, Length: 755, dtype: object>
[ 2023-01-14 06:06:33,936 ] 89 root - INFO - Number of class in each column: <bound method IndexOpsMixin.value_counts of 0       f
1       f
2       f
3       f
4       f
       ..
3767    t
3768    f
3769    f
3770    f
3771    f
Name: tumor, Length: 3772, dtype: object>,  <bound method IndexOpsMixin.value_counts of 0      f
1      t
2      f
3      f
4      f
      ..
750    f
751    f
752    f
753    f
754    f
Name: tumor, Length: 755, dtype: object>
[ 2023-01-14 06:06:33,938 ] 89 root - INFO - Number of class in each column: <bound method IndexOpsMixin.value_counts of 0       f
1       f
2       f
3       f
4       f
       ..
3767    f
3768    f
3769    f
3770    f
3771    f
Name: hypopituitary, Length: 3772, dtype: object>,  <bound method IndexOpsMixin.value_counts of 0      f
1      f
2      f
3      f
4      f
      ..
750    f
751    f
752    f
753    f
754    f
Name: hypopituitary, Length: 755, dtype: object>
[ 2023-01-14 06:06:33,939 ] 89 root - INFO - Number of class in each column: <bound method IndexOpsMixin.value_counts of 0       f
1       f
2       f
3       f
4       f
       ..
3767    f
3768    f
3769    f
3770    f
3771    f
Name: psych, Length: 3772, dtype: object>,  <bound method IndexOpsMixin.value_counts of 0      f
1      f
2      f
3      f
4      f
      ..
750    f
751    f
752    f
753    f
754    f
Name: psych, Length: 755, dtype: object>
[ 2023-01-14 06:06:33,941 ] 89 root - INFO - Number of class in each column: <bound method IndexOpsMixin.value_counts of 0       t
1       t
2       t
3       t
4       t
       ..
3767    f
3768    t
3769    t
3770    t
3771    t
Name: TSH measured, Length: 3772, dtype: object>,  <bound method IndexOpsMixin.value_counts of 0      t
1      t
2      t
3      t
4      t
      ..
750    t
751    t
752    t
753    t
754    t
Name: TSH measured, Length: 755, dtype: object>
[ 2023-01-14 06:06:33,942 ] 89 root - INFO - Number of class in each column: <bound method IndexOpsMixin.value_counts of 0        1.3
1        4.1
2       0.98
3       0.16
4       0.72
        ... 
3767     NaN
3768       1
3769     5.1
3770     0.7
3771       1
Name: TSH, Length: 3772, dtype: object>,  <bound method IndexOpsMixin.value_counts of 0      2.10
1      6.20
2      0.20
3      2.00
4      0.84
       ... 
750    4.60
751    3.40
752    1.10
753    1.90
754    1.00
Name: TSH, Length: 755, dtype: float64>
[ 2023-01-14 06:06:33,944 ] 89 root - INFO - Number of class in each column: <bound method IndexOpsMixin.value_counts of 0       t
1       t
2       f
3       t
4       t
       ..
3767    f
3768    t
3769    t
3770    t
3771    t
Name: T3 measured, Length: 3772, dtype: object>,  <bound method IndexOpsMixin.value_counts of 0      t
1      f
2      t
3      t
4      t
      ..
750    t
751    t
752    f
753    t
754    t
Name: T3 measured, Length: 755, dtype: object>
[ 2023-01-14 06:06:33,945 ] 89 root - INFO - Number of class in each column: <bound method IndexOpsMixin.value_counts of 0       t
1       t
2       t
3       t
4       t
       ..
3767    f
3768    t
3769    t
3770    t
3771    t
Name: TT4 measured, Length: 3772, dtype: object>,  <bound method IndexOpsMixin.value_counts of 0      t
1      t
2      t
3      t
4      t
      ..
750    t
751    t
752    t
753    t
754    t
Name: TT4 measured, Length: 755, dtype: object>
[ 2023-01-14 06:06:33,947 ] 89 root - INFO - Number of class in each column: <bound method IndexOpsMixin.value_counts of 0       125
1       102
2       109
3       175
4        61
       ... 
3767    NaN
3768    124
3769    112
3770     82
3771     99
Name: TT4, Length: 3772, dtype: object>,  <bound method IndexOpsMixin.value_counts of 0       95.0
1       86.0
2      116.0
3      123.0
4      100.0
       ...  
750     97.0
751     86.0
752    131.0
753    100.0
754    120.0
Name: TT4, Length: 755, dtype: float64>
[ 2023-01-14 06:06:33,949 ] 89 root - INFO - Number of class in each column: <bound method IndexOpsMixin.value_counts of 0       t
1       f
2       t
3       f
4       t
       ..
3767    f
3768    t
3769    t
3770    t
3771    t
Name: T4U measured, Length: 3772, dtype: object>,  <bound method IndexOpsMixin.value_counts of 0      t
1      t
2      t
3      t
4      t
      ..
750    t
751    f
752    t
753    t
754    t
Name: T4U measured, Length: 755, dtype: object>
[ 2023-01-14 06:06:33,950 ] 89 root - INFO - Number of class in each column: <bound method IndexOpsMixin.value_counts of 0       1.14
1        NaN
2       0.91
3        NaN
4       0.87
        ... 
3767     NaN
3768    1.08
3769    1.07
3770    0.94
3771    1.07
Name: T4U, Length: 3772, dtype: object>,  <bound method IndexOpsMixin.value_counts of 0      1.00
1      0.90
2      0.94
3      1.52
4      0.74
       ... 
750    1.12
751     NaN
752    0.50
753    0.81
754    1.01
Name: T4U, Length: 755, dtype: float64>
[ 2023-01-14 06:06:33,952 ] 89 root - INFO - Number of class in each column: <bound method IndexOpsMixin.value_counts of 0       t
1       f
2       t
3       f
4       t
       ..
3767    f
3768    t
3769    t
3770    t
3771    t
Name: FTI measured, Length: 3772, dtype: object>,  <bound method IndexOpsMixin.value_counts of 0      t
1      t
2      t
3      t
4      t
      ..
750    t
751    f
752    t
753    t
754    t
Name: FTI measured, Length: 755, dtype: object>
[ 2023-01-14 06:06:33,954 ] 89 root - INFO - Number of class in each column: <bound method IndexOpsMixin.value_counts of 0       109
1       NaN
2       120
3       NaN
4        70
       ... 
3767    NaN
3768    114
3769    105
3770     87
3771     92
Name: FTI, Length: 3772, dtype: object>,  <bound method IndexOpsMixin.value_counts of 0       95.0
1       95.0
2      123.0
3       81.0
4      135.0
       ...  
750     87.0
751      NaN
752    265.0
753    123.0
754    119.0
Name: FTI, Length: 755, dtype: float64>
[ 2023-01-14 06:06:33,955 ] 89 root - INFO - Number of class in each column: <bound method IndexOpsMixin.value_counts of 0       f
1       f
2       f
3       f
4       f
       ..
3767    f
3768    f
3769    f
3770    f
3771    f
Name: TBG measured, Length: 3772, dtype: object>,  <bound method IndexOpsMixin.value_counts of 0      f
1      f
2      f
3      f
4      f
      ..
750    f
751    f
752    f
753    f
754    f
Name: TBG measured, Length: 755, dtype: object>
[ 2023-01-14 06:06:33,957 ] 89 root - INFO - Number of class in each column: <bound method IndexOpsMixin.value_counts of 0        SVHC
1       other
2       other
3       other
4         SVI
        ...  
3767    other
3768      SVI
3769    other
3770      SVI
3771    other
Name: referral source, Length: 3772, dtype: object>,  <bound method IndexOpsMixin.value_counts of 0      other
1      other
2      other
3      other
4      other
       ...  
750     SVHC
751    other
752    other
753    other
754    other
Name: referral source, Length: 755, dtype: object>
[ 2023-01-14 06:06:33,958 ] 89 root - INFO - Number of class in each column: <bound method IndexOpsMixin.value_counts of 0       P
1       P
2       P
3       P
4       P
       ..
3767    P
3768    P
3769    P
3770    P
3771    P
Name: binaryClass, Length: 3772, dtype: object>,  <bound method IndexOpsMixin.value_counts of 0      P
1      N
2      P
3      P
4      P
      ..
750    P
751    P
752    P
753    P
754    P
Name: binaryClass, Length: 755, dtype: object>
[ 2023-01-14 06:06:33,958 ] 129 root - INFO - Writing report in yaml file
[ 2023-01-14 06:06:33,959 ] 134 root - INFO - Data validation artifact: DataValidationArtifact(report_file_path='/config/workspace/artifact/01142023__060633/data_validation/report.yaml')
