[ 2023-01-21 13:22:01,217 ] 17 root - INFO - >>>>>>>>>>>>>>>>>>>>>>>>>>>>>>>>>>>>>>>> Data Ingestion <<<<<<<<<<<<<<<<<<<<<<<<<<<<<<<<<<<<<<<<
[ 2023-01-21 13:22:01,217 ] 28 root - INFO - Exporting collection data as pandas dataframe
[ 2023-01-21 13:22:01,217 ] 22 root - INFO - Reading data from database: HealthCare and collection: Thyroid
[ 2023-01-21 13:22:01,367 ] 24 root - INFO - Found columns: Index(['_id', 'age', 'sex', 'on thyroxine', 'query on thyroxine',
       'on antithyroid medication', 'sick', 'pregnant', 'thyroid surgery',
       'I131 treatment', 'query hypothyroid', 'query hyperthyroid', 'lithium',
       'goitre', 'tumor', 'hypopituitary', 'psych', 'TSH measured', 'TSH',
       'T3 measured', 'T3', 'TT4 measured', 'TT4', 'T4U measured', 'T4U',
       'FTI measured', 'FTI', 'TBG measured', 'TBG', 'referral source',
       'binaryClass'],
      dtype='object')
[ 2023-01-21 13:22:01,367 ] 26 root - INFO - Dropping column: _id 
[ 2023-01-21 13:22:01,370 ] 28 root - INFO - Row and columns in df: (3772, 30)
[ 2023-01-21 13:22:01,370 ] 34 root - INFO - Replacing '?' value to np.NAN
[ 2023-01-21 13:22:01,374 ] 39 root - INFO - Save data in feature store
[ 2023-01-21 13:22:01,374 ] 41 root - INFO - Create feature store folder if not available
[ 2023-01-21 13:22:01,375 ] 45 root - INFO - Save df to feature store folder
[ 2023-01-21 13:22:01,421 ] 50 root - INFO - split dataset into train and test set
[ 2023-01-21 13:22:01,427 ] 54 root - INFO - create dataset directory folder if not available
[ 2023-01-21 13:22:01,428 ] 59 root - INFO - Saving train df and test df to dataset folder
[ 2023-01-21 13:22:01,465 ] 71 root - INFO - Data ingestion artifact: DataIngestionArtifact(feature_store_file_path='/config/workspace/artifact/01212023__132201/data_ingestion/feature_store/thyroid.csv', train_file_path='/config/workspace/artifact/01212023__132201/data_ingestion/dataset/train.csv', test_file_path='/config/workspace/artifact/01212023__132201/data_ingestion/dataset/test.csv')
[ 2023-01-21 13:22:01,468 ] 20 root - INFO - >>>>>>>>>>>>>>>>>>>>>>>>>>>>>>>>>>>>>>>> Data Validation <<<<<<<<<<<<<<<<<<<<<<<<<<<<<<<<<<<<<<<<
[ 2023-01-21 13:22:01,469 ] 131 root - INFO - Reading base dataframe
[ 2023-01-21 13:22:01,505 ] 134 root - INFO - Replace ? value in base df
[ 2023-01-21 13:22:01,506 ] 136 root - INFO - Drop null values colums from base df
[ 2023-01-21 13:22:01,523 ] 42 root - INFO - selecting column name which contains null above to 0.2
[ 2023-01-21 13:22:01,523 ] 45 root - INFO - Columns to drop: ['T3', 'TBG']
[ 2023-01-21 13:22:01,525 ] 139 root - INFO - Reading train dataframe
[ 2023-01-21 13:22:01,536 ] 141 root - INFO - Reading test dataframe
[ 2023-01-21 13:22:01,541 ] 144 root - INFO - Drop null values colums from train df
[ 2023-01-21 13:22:01,553 ] 42 root - INFO - selecting column name which contains null above to 0.2
[ 2023-01-21 13:22:01,553 ] 45 root - INFO - Columns to drop: ['T3', 'TBG']
[ 2023-01-21 13:22:01,554 ] 146 root - INFO - Drop null values colums from test df
[ 2023-01-21 13:22:01,558 ] 42 root - INFO - selecting column name which contains null above to 0.2
[ 2023-01-21 13:22:01,558 ] 45 root - INFO - Columns to drop: ['T3', 'TBG']
[ 2023-01-21 13:22:01,559 ] 149 root - INFO - Drop unnecessary columns from base df
[ 2023-01-21 13:22:01,559 ] 67 root - INFO - UnnecessaColumns dropped: ['TSH measured', 'T3 measured', 'TT4 measured', 'T4U measured', 'FTI measured', 'TBG measured', 'referral source']
[ 2023-01-21 13:22:01,562 ] 151 root - INFO - Drop unnecessary columns from train df
[ 2023-01-21 13:22:01,562 ] 67 root - INFO - UnnecessaColumns dropped: ['TSH measured', 'T3 measured', 'TT4 measured', 'T4U measured', 'FTI measured', 'TBG measured', 'referral source']
[ 2023-01-21 13:22:01,564 ] 153 root - INFO - Drop unnecessary columns from test df
[ 2023-01-21 13:22:01,564 ] 67 root - INFO - UnnecessaColumns dropped: ['TSH measured', 'T3 measured', 'TT4 measured', 'T4U measured', 'FTI measured', 'TBG measured', 'referral source']
[ 2023-01-21 13:22:01,565 ] 156 root - INFO - Is all required columns present in train df
[ 2023-01-21 13:22:01,565 ] 158 root - INFO - Is all required columns present in test df
[ 2023-01-21 13:22:01,565 ] 162 root - INFO - As all column are available in train df hence detecting data drift in train dataframe
[ 2023-01-21 13:22:01,566 ] 111 root - INFO - Checking Data Types of age: object, float64 
[ 2023-01-21 13:22:01,569 ] 118 root - INFO - Checking number of classes in in age column
: (59     95
60     91
70     90
73     81
55     81
       ..
10      1
4       1
5       1
455     1
6       1
Name: age, Length: 93, dtype: int64, 59.0    82
60.0    72
63.0    69
73.0    68
70.0    66
        ..
5.0      1
6.0      1
93.0     1
94.0     1
4.0      1
Name: age, Length: 92, dtype: int64)
[ 2023-01-21 13:22:01,570 ] 111 root - INFO - Checking Data Types of sex: object, object 
[ 2023-01-21 13:22:01,572 ] 118 root - INFO - Checking number of classes in in sex column
: (F    2480
M    1142
Name: sex, dtype: int64, F    1978
M     916
Name: sex, dtype: int64)
[ 2023-01-21 13:22:01,573 ] 111 root - INFO - Checking Data Types of on thyroxine: object, object 
[ 2023-01-21 13:22:01,575 ] 118 root - INFO - Checking number of classes in in on thyroxine column
: (f    3308
t     464
Name: on thyroxine, dtype: int64, f    2652
t     365
Name: on thyroxine, dtype: int64)
[ 2023-01-21 13:22:01,576 ] 111 root - INFO - Checking Data Types of query on thyroxine: object, object 
[ 2023-01-21 13:22:01,578 ] 118 root - INFO - Checking number of classes in in query on thyroxine column
: (f    3722
t      50
Name: query on thyroxine, dtype: int64, f    2978
t      39
Name: query on thyroxine, dtype: int64)
[ 2023-01-21 13:22:01,579 ] 111 root - INFO - Checking Data Types of on antithyroid medication: object, object 
[ 2023-01-21 13:22:01,581 ] 118 root - INFO - Checking number of classes in in on antithyroid medication column
: (f    3729
t      43
Name: on antithyroid medication, dtype: int64, f    2982
t      35
Name: on antithyroid medication, dtype: int64)
[ 2023-01-21 13:22:01,582 ] 111 root - INFO - Checking Data Types of sick: object, object 
[ 2023-01-21 13:22:01,583 ] 118 root - INFO - Checking number of classes in in sick column
: (f    3625
t     147
Name: sick, dtype: int64, f    2899
t     118
Name: sick, dtype: int64)
[ 2023-01-21 13:22:01,585 ] 111 root - INFO - Checking Data Types of pregnant: object, object 
[ 2023-01-21 13:22:01,586 ] 118 root - INFO - Checking number of classes in in pregnant column
: (f    3719
t      53
Name: pregnant, dtype: int64, f    2978
t      39
Name: pregnant, dtype: int64)
[ 2023-01-21 13:22:01,588 ] 111 root - INFO - Checking Data Types of thyroid surgery: object, object 
[ 2023-01-21 13:22:01,589 ] 118 root - INFO - Checking number of classes in in thyroid surgery column
: (f    3719
t      53
Name: thyroid surgery, dtype: int64, f    2979
t      38
Name: thyroid surgery, dtype: int64)
[ 2023-01-21 13:22:01,590 ] 111 root - INFO - Checking Data Types of I131 treatment: object, object 
[ 2023-01-21 13:22:01,592 ] 118 root - INFO - Checking number of classes in in I131 treatment column
: (f    3713
t      59
Name: I131 treatment, dtype: int64, f    2970
t      47
Name: I131 treatment, dtype: int64)
[ 2023-01-21 13:22:01,593 ] 111 root - INFO - Checking Data Types of query hypothyroid: object, object 
[ 2023-01-21 13:22:01,595 ] 118 root - INFO - Checking number of classes in in query hypothyroid column
: (f    3538
t     234
Name: query hypothyroid, dtype: int64, f    2833
t     184
Name: query hypothyroid, dtype: int64)
[ 2023-01-21 13:22:01,596 ] 111 root - INFO - Checking Data Types of query hyperthyroid: object, object 
[ 2023-01-21 13:22:01,598 ] 118 root - INFO - Checking number of classes in in query hyperthyroid column
: (f    3535
t     237
Name: query hyperthyroid, dtype: int64, f    2825
t     192
Name: query hyperthyroid, dtype: int64)
[ 2023-01-21 13:22:01,599 ] 111 root - INFO - Checking Data Types of lithium: object, object 
[ 2023-01-21 13:22:01,601 ] 118 root - INFO - Checking number of classes in in lithium column
: (f    3754
t      18
Name: lithium, dtype: int64, f    3003
t      14
Name: lithium, dtype: int64)
[ 2023-01-21 13:22:01,602 ] 111 root - INFO - Checking Data Types of goitre: object, object 
[ 2023-01-21 13:22:01,603 ] 118 root - INFO - Checking number of classes in in goitre column
: (f    3738
t      34
Name: goitre, dtype: int64, f    2991
t      26
Name: goitre, dtype: int64)
[ 2023-01-21 13:22:01,605 ] 111 root - INFO - Checking Data Types of tumor: object, object 
[ 2023-01-21 13:22:01,606 ] 118 root - INFO - Checking number of classes in in tumor column
: (f    3676
t      96
Name: tumor, dtype: int64, f    2940
t      77
Name: tumor, dtype: int64)
[ 2023-01-21 13:22:01,607 ] 111 root - INFO - Checking Data Types of hypopituitary: object, object 
[ 2023-01-21 13:22:01,609 ] 118 root - INFO - Checking number of classes in in hypopituitary column
: (f    3771
t       1
Name: hypopituitary, dtype: int64, f    3016
t       1
Name: hypopituitary, dtype: int64)
[ 2023-01-21 13:22:01,610 ] 111 root - INFO - Checking Data Types of psych: object, object 
[ 2023-01-21 13:22:01,612 ] 118 root - INFO - Checking number of classes in in psych column
: (f    3588
t     184
Name: psych, dtype: int64, f    2867
t     150
Name: psych, dtype: int64)
[ 2023-01-21 13:22:01,613 ] 111 root - INFO - Checking Data Types of TSH: object, float64 
[ 2023-01-21 13:22:01,616 ] 118 root - INFO - Checking number of classes in in TSH column
: (0.2     116
1.3     105
1.1      97
1.4      91
1.5      80
       ... 
86        1
18.4      1
89        1
29        1
40        1
Name: TSH, Length: 287, dtype: int64, 0.2      98
1.3      84
1.1      75
1.4      72
1.6      68
         ..
30.0      1
400.0     1
40.0      1
70.0      1
7.7       1
Name: TSH, Length: 277, dtype: int64)
[ 2023-01-21 13:22:01,617 ] 111 root - INFO - Checking Data Types of TT4: object, float64 
[ 2023-01-21 13:22:01,620 ] 118 root - INFO - Checking number of classes in in TT4 column
: (101    71
93     67
98     63
103    63
102    59
       ..
289     1
240     1
43      1
34      1
258     1
Name: TT4, Length: 241, dtype: int64, 101.0    63
93.0     55
103.0    55
98.0     54
87.0     50
         ..
23.0      1
372.0     1
28.0      1
257.0     1
246.0     1
Name: TT4, Length: 230, dtype: int64)
[ 2023-01-21 13:22:01,621 ] 111 root - INFO - Checking Data Types of T4U: object, float64 
[ 2023-01-21 13:22:01,624 ] 118 root - INFO - Checking number of classes in in T4U column
: (0.99    95
0.9     93
1.01    91
1       90
0.92    89
        ..
1.84     1
0.57     1
2.03     1
1.97     1
0.25     1
Name: T4U, Length: 146, dtype: int64, 0.92    82
0.97    71
0.93    71
0.99    71
1.00    69
        ..
1.71     1
1.58     1
0.36     1
1.57     1
2.32     1
Name: T4U, Length: 139, dtype: int64)
[ 2023-01-21 13:22:01,625 ] 111 root - INFO - Checking Data Types of FTI: object, float64 
[ 2023-01-21 13:22:01,628 ] 118 root - INFO - Checking number of classes in in FTI column
: (100    73
93     70
114    65
98     64
107    64
       ..
349     1
221     1
187     1
39      1
227     1
Name: FTI, Length: 234, dtype: int64, 100.0    65
114.0    54
93.0     53
104.0    52
107.0    51
         ..
349.0     1
5.4       1
281.0     1
253.0     1
232.0     1
Name: FTI, Length: 219, dtype: int64)
[ 2023-01-21 13:22:01,629 ] 111 root - INFO - Checking Data Types of binaryClass: object, object 
[ 2023-01-21 13:22:01,631 ] 118 root - INFO - Checking number of classes in in binaryClass column
: (P    3481
N     291
Name: binaryClass, dtype: int64, P    2784
N     233
Name: binaryClass, dtype: int64)
[ 2023-01-21 13:22:01,632 ] 165 root - INFO - As all column are available in test df hence detecting data drift test dataframe
[ 2023-01-21 13:22:01,632 ] 111 root - INFO - Checking Data Types of age: object, int64 
[ 2023-01-21 13:22:01,635 ] 118 root - INFO - Checking number of classes in in age column
: (59     95
60     91
70     90
73     81
55     81
       ..
10      1
4       1
5       1
455     1
6       1
Name: age, Length: 93, dtype: int64, 70    24
60    19
68    18
37    18
72    17
      ..
90     1
2      1
7      1
13     1
86     1
Name: age, Length: 85, dtype: int64)
[ 2023-01-21 13:22:01,636 ] 111 root - INFO - Checking Data Types of sex: object, object 
[ 2023-01-21 13:22:01,637 ] 118 root - INFO - Checking number of classes in in sex column
: (F    2480
M    1142
Name: sex, dtype: int64, F    502
M    226
Name: sex, dtype: int64)
[ 2023-01-21 13:22:01,638 ] 111 root - INFO - Checking Data Types of on thyroxine: object, object 
[ 2023-01-21 13:22:01,640 ] 118 root - INFO - Checking number of classes in in on thyroxine column
: (f    3308
t     464
Name: on thyroxine, dtype: int64, f    656
t     99
Name: on thyroxine, dtype: int64)
[ 2023-01-21 13:22:01,641 ] 111 root - INFO - Checking Data Types of query on thyroxine: object, object 
[ 2023-01-21 13:22:01,642 ] 118 root - INFO - Checking number of classes in in query on thyroxine column
: (f    3722
t      50
Name: query on thyroxine, dtype: int64, f    744
t     11
Name: query on thyroxine, dtype: int64)
[ 2023-01-21 13:22:01,644 ] 111 root - INFO - Checking Data Types of on antithyroid medication: object, object 
[ 2023-01-21 13:22:01,645 ] 118 root - INFO - Checking number of classes in in on antithyroid medication column
: (f    3729
t      43
Name: on antithyroid medication, dtype: int64, f    747
t      8
Name: on antithyroid medication, dtype: int64)
[ 2023-01-21 13:22:01,646 ] 111 root - INFO - Checking Data Types of sick: object, object 
[ 2023-01-21 13:22:01,648 ] 118 root - INFO - Checking number of classes in in sick column
: (f    3625
t     147
Name: sick, dtype: int64, f    726
t     29
Name: sick, dtype: int64)
[ 2023-01-21 13:22:01,649 ] 111 root - INFO - Checking Data Types of pregnant: object, object 
[ 2023-01-21 13:22:01,650 ] 118 root - INFO - Checking number of classes in in pregnant column
: (f    3719
t      53
Name: pregnant, dtype: int64, f    741
t     14
Name: pregnant, dtype: int64)
[ 2023-01-21 13:22:01,651 ] 111 root - INFO - Checking Data Types of thyroid surgery: object, object 
[ 2023-01-21 13:22:01,653 ] 118 root - INFO - Checking number of classes in in thyroid surgery column
: (f    3719
t      53
Name: thyroid surgery, dtype: int64, f    740
t     15
Name: thyroid surgery, dtype: int64)
[ 2023-01-21 13:22:01,654 ] 111 root - INFO - Checking Data Types of I131 treatment: object, object 
[ 2023-01-21 13:22:01,655 ] 118 root - INFO - Checking number of classes in in I131 treatment column
: (f    3713
t      59
Name: I131 treatment, dtype: int64, f    743
t     12
Name: I131 treatment, dtype: int64)
[ 2023-01-21 13:22:01,656 ] 111 root - INFO - Checking Data Types of query hypothyroid: object, object 
[ 2023-01-21 13:22:01,658 ] 118 root - INFO - Checking number of classes in in query hypothyroid column
: (f    3538
t     234
Name: query hypothyroid, dtype: int64, f    705
t     50
Name: query hypothyroid, dtype: int64)
[ 2023-01-21 13:22:01,659 ] 111 root - INFO - Checking Data Types of query hyperthyroid: object, object 
[ 2023-01-21 13:22:01,660 ] 118 root - INFO - Checking number of classes in in query hyperthyroid column
: (f    3535
t     237
Name: query hyperthyroid, dtype: int64, f    710
t     45
Name: query hyperthyroid, dtype: int64)
[ 2023-01-21 13:22:01,661 ] 111 root - INFO - Checking Data Types of lithium: object, object 
[ 2023-01-21 13:22:01,663 ] 118 root - INFO - Checking number of classes in in lithium column
: (f    3754
t      18
Name: lithium, dtype: int64, f    751
t      4
Name: lithium, dtype: int64)
[ 2023-01-21 13:22:01,664 ] 111 root - INFO - Checking Data Types of goitre: object, object 
[ 2023-01-21 13:22:01,665 ] 118 root - INFO - Checking number of classes in in goitre column
: (f    3738
t      34
Name: goitre, dtype: int64, f    747
t      8
Name: goitre, dtype: int64)
[ 2023-01-21 13:22:01,666 ] 111 root - INFO - Checking Data Types of tumor: object, object 
[ 2023-01-21 13:22:01,668 ] 118 root - INFO - Checking number of classes in in tumor column
: (f    3676
t      96
Name: tumor, dtype: int64, f    736
t     19
Name: tumor, dtype: int64)
[ 2023-01-21 13:22:01,669 ] 111 root - INFO - Checking Data Types of hypopituitary: object, object 
[ 2023-01-21 13:22:01,671 ] 118 root - INFO - Checking number of classes in in hypopituitary column
: (f    3771
t       1
Name: hypopituitary, dtype: int64, f    755
Name: hypopituitary, dtype: int64)
[ 2023-01-21 13:22:01,672 ] 111 root - INFO - Checking Data Types of psych: object, object 
[ 2023-01-21 13:22:01,673 ] 118 root - INFO - Checking number of classes in in psych column
: (f    3588
t     184
Name: psych, dtype: int64, f    721
t     34
Name: psych, dtype: int64)
[ 2023-01-21 13:22:01,674 ] 111 root - INFO - Checking Data Types of TSH: object, float64 
[ 2023-01-21 13:22:01,677 ] 118 root - INFO - Checking number of classes in in TSH column
: (0.2     116
1.3     105
1.1      97
1.4      91
1.5      80
       ... 
86        1
18.4      1
89        1
29        1
40        1
Name: TSH, Length: 287, dtype: int64, 1.10     22
1.00     21
1.30     21
1.50     21
0.02     19
         ..
28.00     1
0.33      1
7.60      1
31.00     1
0.97      1
Name: TSH, Length: 173, dtype: int64)
[ 2023-01-21 13:22:01,679 ] 111 root - INFO - Checking Data Types of TT4: object, float64 
[ 2023-01-21 13:22:01,681 ] 118 root - INFO - Checking number of classes in in TT4 column
: (101    71
93     67
98     63
103    63
102    59
       ..
289     1
240     1
43      1
34      1
258     1
Name: TT4, Length: 241, dtype: int64, 102.0    16
86.0     15
100.0    15
94.0     15
111.0    14
         ..
195.0     1
223.0     1
51.0      1
194.0     1
52.0      1
Name: TT4, Length: 155, dtype: int64)
[ 2023-01-21 13:22:01,682 ] 111 root - INFO - Checking Data Types of T4U: object, float64 
[ 2023-01-21 13:22:01,685 ] 118 root - INFO - Checking number of classes in in T4U column
: (0.99    95
0.9     93
1.01    91
1       90
0.92    89
        ..
1.84     1
0.57     1
2.03     1
1.97     1
0.25     1
Name: T4U, Length: 146, dtype: int64, 1.01    25
0.90    24
0.99    24
1.00    21
0.95    20
        ..
2.12     1
1.83     1
1.68     1
0.65     1
0.50     1
Name: T4U, Length: 105, dtype: int64)
[ 2023-01-21 13:22:01,686 ] 111 root - INFO - Checking Data Types of FTI: object, float64 
[ 2023-01-21 13:22:01,689 ] 118 root - INFO - Checking number of classes in in FTI column
: (100    73
93     70
114    65
98     64
107    64
       ..
349     1
221     1
187     1
39      1
227     1
Name: FTI, Length: 234, dtype: int64, 92.0     19
96.0     17
93.0     17
117.0    16
106.0    15
         ..
10.0      1
74.0      1
245.0     1
46.0      1
265.0     1
Name: FTI, Length: 142, dtype: int64)
[ 2023-01-21 13:22:01,690 ] 111 root - INFO - Checking Data Types of binaryClass: object, object 
[ 2023-01-21 13:22:01,691 ] 118 root - INFO - Checking number of classes in in binaryClass column
: (P    3481
N     291
Name: binaryClass, dtype: int64, P    697
N     58
Name: binaryClass, dtype: int64)
[ 2023-01-21 13:22:01,692 ] 169 root - INFO - Writing report in yaml file
[ 2023-01-21 13:22:01,702 ] 174 root - INFO - Data validation artifact: DataValidationArtifact(report_file_path='/config/workspace/artifact/01212023__132201/data_validation/report.yaml')
[ 2023-01-21 13:22:01,703 ] 25 root - INFO - >>>>>>>>>>>>>>>>>>>>>>>>>>>>>>>>>>>>>>>> Feature Engineering <<<<<<<<<<<<<<<<<<<<<<<<<<<<<<<<<<<<<<<<
[ 2023-01-21 13:22:01,703 ] 86 root - INFO - Reading training and testing file
[ 2023-01-21 13:22:01,720 ] 91 root - INFO - Converting the categorical data to numerical
[ 2023-01-21 13:22:01,720 ] 40 root - INFO - Replacing 'f' to 0 and 't' to 1 in dataframe
[ 2023-01-21 13:22:01,759 ] 43 root - INFO - Replacing 'F' to 0 and 'M' to 1 'sex' column
[ 2023-01-21 13:22:01,762 ] 40 root - INFO - Replacing 'f' to 0 and 't' to 1 in dataframe
[ 2023-01-21 13:22:01,773 ] 43 root - INFO - Replacing 'F' to 0 and 'M' to 1 'sex' column
[ 2023-01-21 13:22:01,774 ] 96 root - INFO - Converting columns datatypes to float type
[ 2023-01-21 13:22:01,778 ] 102 root - INFO - Handling outlier and null value in 'age' and 'sex' column
[ 2023-01-21 13:22:01,783 ] 107 root - INFO - Selecting input feature for train and test dataframe
[ 2023-01-21 13:22:01,784 ] 112 root - INFO - Selecting target feature for train and test dataframe
[ 2023-01-21 13:22:01,784 ] 117 root - INFO - Encoding the target feature values
[ 2023-01-21 13:22:01,787 ] 124 root - INFO - Target feature label encoded values: [1 0 1 1 1 1 1 1 1 1 1 1 1 0 1 1 1 1 1 1 1 1 1 1 1 1 1 1 1 1 1 1 1 1 1 1 1
 1 1 1 1 1 1 1 1 1 1 1 1 1 1 1 1 1 0 1 1 1 1 1 0 0 1 1 1 1 1 1 1 1 1 1 1 1
 1 1 1 0 1 1 1 1 1 1 1 1 1 1 0 1 1 1 1 1 1 1 1 1 1 1 1 1 1 1 1 1 1 1 1 1 0
 1 1 1 1 1 1 1 1 1 1 0 1 0 1 1 1 1 0 1 1 1 1 1 1 1 1 1 1 1 1 1 1 1 1 1 1 1
 1 1 1 0 1 1 1 1 1 1 1 1 1 1 1 1 1 1 1 1 0 1 1 1 1 1 1 1 1 1 1 1 1 1 1 1 1
 1 1 1 1 1 1 1 1 1 1 1 1 1 1 1 1 1 1 1 1 1 1 1 1 1 0 1 1 1 1 1 1 1 1 1 1 1
 1 1 1 1 1 1 1 1 1 1 1 1 1 1 1 1 0 1 1 1 1 1 1 1 0 1 1 1 1 1 1 1 1 1 1 1 1
 0 1 1 1 1 1 1 1 1 1 1 0 1 1 1 1 1 1 1 1 1 1 1 1 1 1 1 1 1 1 1 1 1 1 1 1 1
 1 1 0 1 1 1 0 1 1 1 1 1 1 1 1 1 1 1 1 1 1 1 1 1 1 1 1 1 1 1 1 1 1 1 1 0 1
 1 1 1 1 1 1 1 1 1 1 1 1 1 0 1 1 1 1 1 1 1 1 1 1 1 0 1 1 1 1 1 1 1 1 1 1 1
 1 1 1 1 1 1 1 1 1 1 1 1 1 1 1 1 1 1 0 1 1 1 1 1 1 0 1 1 1 1 1 1 1 1 1 1 1
 1 1 0 1 1 1 1 1 1 1 1 1 1 1 1 1 1 1 1 1 1 1 1 1 1 1 1 1 1 1 1 1 1 1 1 1 1
 1 1 1 1 0 1 1 1 1 1 1 1 1 1 1 1 1 1 1 1 0 1 1 1 0 1 1 0 1 0 1 1 1 1 1 1 1
 1 1 1 1 1 1 1 1 0 1 1 0 1 0 1 1 1 1 1 1 1 0 1 0 0 1 1 1 1 1 1 1 1 1 1 1 1
 1 1 1 1 1 1 1 1 1 1 1 1 1 1 1 1 0 1 1 1 1 1 1 1 0 1 0 1 1 1 1 1 0 1 1 1 0
 1 1 1 1 1 1 1 0 1 1 1 1 1 1 1 1 0 1 1 1 1 1 1 1 0 1 1 1 1 1 1 0 1 1 1 1 1
 1 1 1 1 1 1 1 0 1 1 1 1 1 1 1 1 1 1 1 1 1 1 1 1 1 1 0 0 1 0 1 1 1 1 1 1 1
 1 1 1 1 1 1 1 1 1 1 1 1 1 1 1 1 1 1 1 1 1 1 1 1 1 1 1 1 1 1 1 1 1 1 1 0 1
 1 1 1 1 1 1 1 1 1 1 1 1 1 1 1 1 1 1 1 1 1 1 1 0 1 0 1 0 1 1 1 1 0 1 1 1 1
 1 1 1 1 1 1 1 1 1 1 1 1 1 1 1 1 1 1 1 1 1 0 1 1 0 1 1 1 1 1 1 1 1 1 1 1 1
 1 1 1 1 1 1 0 1 1 1 1 1 1 1 1]
[ 2023-01-21 13:22:03,432 ] 136 root - INFO - Before resampling in training set Input: (3017, 27) Target:(3017,)
[ 2023-01-21 13:22:03,861 ] 138 root - INFO - After resampling in training set Input: (5554, 27) Target:(5554,)
[ 2023-01-21 13:22:03,862 ] 140 root - INFO - Before resampling in testing set Input: (755, 27) Target:(755,)
[ 2023-01-21 13:22:03,978 ] 142 root - INFO - After resampling in testing set Input: (1390, 27) Target:(1390,)
[ 2023-01-21 13:22:03,983 ] 68 root - INFO - Entered the save_object method of utils
[ 2023-01-21 13:22:03,987 ] 72 root - INFO - Exited the save_object method of utils
[ 2023-01-21 13:22:03,987 ] 68 root - INFO - Entered the save_object method of utils
[ 2023-01-21 13:22:03,988 ] 72 root - INFO - Exited the save_object method of utils
[ 2023-01-21 13:22:03,988 ] 164 root - INFO - Data transformation object FeatureEngineeringArtifact(knn_imputer_object_path='/config/workspace/artifact/01212023__132201/feature_engineering/imputer/knn_imputer.pkl', transformed_train_path='/config/workspace/artifact/01212023__132201/feature_engineering/transformed/train.npz', transformed_test_path='/config/workspace/artifact/01212023__132201/feature_engineering/transformed/test.npz', target_encoder_path='/config/workspace/artifact/01212023__132201/feature_engineering/target_encoder/target_encoder.pkl')
[ 2023-01-21 13:22:03,988 ] 20 root - INFO - >>>>>>>>>>>>>>>>>>>>>>>>>>>>>>>>>>>>>>>> Model Trainer <<<<<<<<<<<<<<<<<<<<<<<<<<<<<<<<<<<<<<<<
[ 2023-01-21 13:22:03,988 ] 70 root - INFO - Loading train and test array.
[ 2023-01-21 13:22:03,994 ] 74 root - INFO - Splitting input and target feature from both train and test arr.
[ 2023-01-21 13:22:03,995 ] 83 root - INFO - Train the model
[ 2023-01-21 13:22:08,763 ] 87 root - INFO - Calculating f1 train score
[ 2023-01-21 13:22:08,775 ] 92 root - INFO - Calculating f1 test score
[ 2023-01-21 13:22:08,782 ] 96 root - INFO - train score:1.0 and tests score 0.9985611510791367
[ 2023-01-21 13:22:08,783 ] 97 root - INFO - Checking if our model is a good model or not
[ 2023-01-21 13:22:08,783 ] 102 root - INFO - Checking if our model is overfiiting or not
[ 2023-01-21 13:22:08,783 ] 110 root - INFO - Saving mode object
[ 2023-01-21 13:22:08,783 ] 68 root - INFO - Entered the save_object method of utils
[ 2023-01-21 13:22:08,791 ] 72 root - INFO - Exited the save_object method of utils
[ 2023-01-21 13:22:08,791 ] 114 root - INFO - Prepare the artifact
[ 2023-01-21 13:22:08,791 ] 117 root - INFO - Model trainer artifact: ModelTrainerArtifact(model_path='/config/workspace/artifact/01212023__132201/model_trainer/model/model.pkl', f1_train_score=1.0, f1_test_score=0.9985611510791367)
[ 2023-01-21 13:22:08,792 ] 25 root - INFO - >>>>>>>>>>>>>>>>>>>>>>>>>>>>>>>>>>>>>>>>  Model Evaluation <<<<<<<<<<<<<<<<<<<<<<<<<<<<<<<<<<<<<<<<
[ 2023-01-21 13:22:08,792 ] 26 root - INFO - ___________________________________________________________________________________________________________
[ 2023-01-21 13:22:08,792 ] 25 root - INFO - >>>>>>>>>>>>>>>>>>>>>>>>>>>>>>>>>>>>>>>> Feature Engineering <<<<<<<<<<<<<<<<<<<<<<<<<<<<<<<<<<<<<<<<
[ 2023-01-21 13:22:08,793 ] 42 root - INFO - ___________________________________________________________________________________________________________
[ 2023-01-21 13:22:08,793 ] 43 root - INFO - If saved model folder has model then we will compare which model is best, Trained model from artifact folder or the model from saved model folder
[ 2023-01-21 13:22:08,793 ] 49 root - INFO - Model evaluation artifact: ModelEvaluationArtifact(is_model_accepted=True, improved_accuracy=None)
[ 2023-01-21 13:22:08,793 ] 15 root - INFO - >>>>>>>>>>>>>>>>>>>>>>>>>>>>>>>>>>>>>>>> Model Pusher <<<<<<<<<<<<<<<<<<<<<<<<<<<<<<<<<<<<<<<<
[ 2023-01-21 13:22:08,793 ] 27 root - INFO - Loading knn_imputer, model and target encoder
[ 2023-01-21 13:22:08,804 ] 33 root - INFO - Saving model into model pusher directory
[ 2023-01-21 13:22:08,804 ] 68 root - INFO - Entered the save_object method of utils
[ 2023-01-21 13:22:08,810 ] 72 root - INFO - Exited the save_object method of utils
[ 2023-01-21 13:22:08,810 ] 68 root - INFO - Entered the save_object method of utils
[ 2023-01-21 13:22:08,813 ] 72 root - INFO - Exited the save_object method of utils
[ 2023-01-21 13:22:08,813 ] 68 root - INFO - Entered the save_object method of utils
[ 2023-01-21 13:22:08,814 ] 72 root - INFO - Exited the save_object method of utils
[ 2023-01-21 13:22:08,814 ] 39 root - INFO - Saving model in saved model dir
[ 2023-01-21 13:22:08,814 ] 45 root - INFO - Saving model outside of artifact directory
[ 2023-01-21 13:22:08,814 ] 68 root - INFO - Entered the save_object method of utils
[ 2023-01-21 13:22:08,820 ] 72 root - INFO - Exited the save_object method of utils
[ 2023-01-21 13:22:08,820 ] 68 root - INFO - Entered the save_object method of utils
[ 2023-01-21 13:22:08,822 ] 72 root - INFO - Exited the save_object method of utils
[ 2023-01-21 13:22:08,822 ] 68 root - INFO - Entered the save_object method of utils
[ 2023-01-21 13:22:08,823 ] 72 root - INFO - Exited the save_object method of utils
[ 2023-01-21 13:22:08,823 ] 52 root - INFO - Model pusher artifact : ModelPusherArtifact(pusher_model_dir='/config/workspace/artifact/01212023__132201/model_pusher/saved_models', saved_model_dir='saved_models')
